TN:
SF:/home/prafful13/Documents/node_projs/socialcops/index.js
FNF:0
FNH:0
DA:1,1
DA:2,1
DA:3,1
DA:4,1
DA:5,1
DA:7,1
DA:8,1
DA:9,1
DA:15,1
DA:16,1
DA:17,1
DA:19,0
DA:21,1
DA:22,1
DA:23,1
DA:25,1
DA:26,1
DA:28,1
LF:18
LH:17
BRDA:16,1,0,1
BRDA:16,1,1,0
BRDA:25,2,0,1
BRDA:25,2,1,1
BRF:4
BRH:3
end_of_record
TN:
SF:/home/prafful13/Documents/node_projs/socialcops/models/User.js
FNF:0
FNH:0
DA:1,1
DA:2,1
DA:4,1
DA:10,1
LF:4
LH:4
BRF:0
BRH:0
end_of_record
TN:
SF:/home/prafful13/Documents/node_projs/socialcops/services/dbconn-test.js
FN:7,(anonymous_1)
FN:11,(anonymous_2)
FN:16,(anonymous_3)
FN:21,(anonymous_4)
FNF:4
FNH:0
FNDA:0,(anonymous_1)
FNDA:0,(anonymous_2)
FNDA:0,(anonymous_3)
FNDA:0,(anonymous_4)
DA:1,1
DA:2,1
DA:5,1
DA:7,1
DA:8,0
DA:11,1
DA:12,0
DA:16,1
DA:17,0
DA:21,1
DA:22,0
LF:11
LH:7
BRF:0
BRH:0
end_of_record
TN:
SF:/home/prafful13/Documents/node_projs/socialcops/config/keys.js
FNF:0
FNH:0
DA:1,1
DA:2,0
DA:4,1
LF:3
LH:2
BRDA:1,1,0,0
BRDA:1,1,1,1
BRF:2
BRH:1
end_of_record
TN:
SF:/home/prafful13/Documents/node_projs/socialcops/config/dev.js
FNF:0
FNH:0
DA:1,1
LF:1
LH:1
BRF:0
BRH:0
end_of_record
TN:
SF:/home/prafful13/Documents/node_projs/socialcops/middlewares/requireLogin.js
FNF:0
FNH:0
DA:1,1
DA:2,1
DA:4,1
DA:5,0
DA:6,0
DA:7,0
DA:9,0
DA:10,0
DA:11,0
DA:15,0
DA:16,0
LF:11
LH:3
BRDA:6,1,0,0
BRDA:6,1,1,0
BRDA:10,2,0,0
BRDA:10,2,1,0
BRF:4
BRH:0
end_of_record
TN:
SF:/home/prafful13/Documents/node_projs/socialcops/routes/jsonpatch.js
FNF:0
FNH:0
DA:1,1
DA:2,1
DA:4,1
DA:5,1
DA:6,0
DA:7,0
DA:8,0
LF:7
LH:4
BRF:0
BRH:0
end_of_record
TN:
SF:/home/prafful13/Documents/node_projs/socialcops/routes/imgdown.js
FN:10,(anonymous_1)
FNF:1
FNH:0
FNDA:0,(anonymous_1)
DA:1,1
DA:2,1
DA:3,1
DA:4,1
DA:5,1
DA:7,1
DA:8,1
DA:9,0
DA:10,0
DA:11,0
DA:17,0
DA:18,0
DA:19,0
DA:22,0
DA:23,0
DA:24,0
DA:25,0
LF:17
LH:7
BRDA:25,1,0,0
BRDA:25,1,1,0
BRF:2
BRH:0
end_of_record
